<?xml version="1.0" encoding="UTF-8"?>
<testng-results ignored="0" total="1" passed="1" failed="0" skipped="0">
  <reporter-output>
  </reporter-output>
  <suite started-at="2023-07-07T17:45:24 IST" name="Default suite" finished-at="2023-07-07T17:46:01 IST" duration-ms="36874">
    <groups>
    </groups>
    <test started-at="2023-07-07T17:45:24 IST" name="Default test" finished-at="2023-07-07T17:46:01 IST" duration-ms="36874">
      <class name="com.Pathology.test.HomePageTest">
        <test-method is-config="true" signature="setUp()[pri:0, instance:com.Pathology.test.HomePageTest@156b88f5]" started-at="2023-07-07T17:45:24 IST" name="setUp" finished-at="2023-07-07T17:45:31 IST" duration-ms="7589" status="PASS">
          <reporter-output>
          </reporter-output>
        </test-method> <!-- setUp -->
        <test-method signature="homePage()[pri:0, instance:com.Pathology.test.HomePageTest@156b88f5]" started-at="2023-07-07T17:45:31 IST" name="homePage" finished-at="2023-07-07T17:45:58 IST" duration-ms="27008" status="PASS">
          <reporter-output>
          </reporter-output>
        </test-method> <!-- homePage -->
        <test-method is-config="true" signature="tearDown()[pri:0, instance:com.Pathology.test.HomePageTest@156b88f5]" started-at="2023-07-07T17:45:58 IST" name="tearDown" finished-at="2023-07-07T17:46:01 IST" duration-ms="2248" status="PASS">
          <reporter-output>
          </reporter-output>
        </test-method> <!-- tearDown -->
      </class> <!-- com.Pathology.test.HomePageTest -->
    </test> <!-- Default test -->
  </suite> <!-- Default suite -->
</testng-results>
