<?xml version="1.0" encoding="UTF-8"?>
<testng-results skipped="0" failed="0" ignored="0" total="1" passed="1">
  <reporter-output>
  </reporter-output>
  <suite name="Suite" duration-ms="1201" started-at="2022-03-24T10:00:31Z" finished-at="2022-03-24T10:00:32Z">
    <groups>
    </groups>
    <test name="Test" duration-ms="1201" started-at="2022-03-24T10:00:31Z" finished-at="2022-03-24T10:00:32Z">
      <class name="com.w2a.Testcases.LoginTest">
        <test-method status="PASS" signature="setUp()[pri:0, instance:com.w2a.Testcases.LoginTest@45018215]" name="setUp" is-config="true" duration-ms="7701" started-at="2022-03-24T10:00:23Z" finished-at="2022-03-24T10:00:31Z">
          <reporter-output>
          </reporter-output>
        </test-method> <!-- setUp -->
        <test-method status="PASS" signature="bankManagerLoginTest()[pri:0, instance:com.w2a.Testcases.LoginTest@45018215]" name="bankManagerLoginTest" duration-ms="1147" started-at="2022-03-24T10:00:31Z" finished-at="2022-03-24T10:00:32Z">
          <reporter-output>
          </reporter-output>
        </test-method> <!-- bankManagerLoginTest -->
        <test-method status="PASS" signature="tearDown()[pri:0, instance:com.w2a.Testcases.LoginTest@45018215]" name="tearDown" is-config="true" duration-ms="10283" started-at="2022-03-24T10:00:33Z" finished-at="2022-03-24T10:00:43Z">
          <reporter-output>
          </reporter-output>
        </test-method> <!-- tearDown -->
      </class> <!-- com.w2a.Testcases.LoginTest -->
    </test> <!-- Test -->
  </suite> <!-- Suite -->
</testng-results>
