<?xml version="1.0" encoding="UTF-8"?>
<!-- Generated by org.testng.reporters.JUnitXMLReporter -->
<testsuite ignored="0" hostname="LAPTOP-4UAC0B5R" failures="0" tests="7" name="EndToEnd" time="180.839" errors="0" timestamp="2022-05-23T20:08:17 IST">
  <testcase classname="com.eDermx.Test.EDermxEndToEnd" name="logInNegative" time="1.72"/>
  <testcase classname="com.eDermx.Test.EDermxEndToEnd" name="logInPositive" time="10.802"/>
  <testcase classname="com.eDermx.Test.EDermxEndToEnd" name="dashBoard" time="15.603"/>
  <testcase classname="com.eDermx.Test.EDermxEndToEnd" name="schedule" time="79.381"/>
  <testcase classname="com.eDermx.Test.EDermxEndToEnd" name="patient" time="32.319"/>
  <testcase classname="com.eDermx.Test.EDermxEndToEnd" name="Billing" time="27.015"/>
  <testcase classname="com.eDermx.Test.EDermxEndToEnd" name="logOut" time="3.707"/>
</testsuite> <!-- EndToEnd -->
